<?xml version="1.0" encoding="UTF-8" ?>
<testsuite tests="2" failures="0" name="TestSuite" time="95.348" errors="0" skipped="0">
  <properties>
    <property name="platform" value="Android"/>
    <property name="java.runtime.name" value="Java(TM) SE Runtime Environment"/>
    <property name="java.vm.version" value="11.0.12+8-LTS-237"/>
    <property name="sun.boot.library.path" value="/Library/Java/JavaVirtualMachines/jdk-11.0.12.jdk/Contents/Home/lib"/>
    <property name="gopherProxySet" value="false"/>
    <property name="java.vm.vendor" value="Oracle Corporation"/>
    <property name="java.vendor.url" value="https://openjdk.java.net/"/>
    <property name="path.separator" value=":"/>
    <property name="java.vm.name" value="Java HotSpot(TM) 64-Bit Server VM"/>
    <property name="sun.os.patch.level" value="unknown"/>
    <property name="user.country" value="IN"/>
    <property name="sun.java.launcher" value="SUN_STANDARD"/>
    <property name="java.vm.specification.name" value="Java Virtual Machine Specification"/>
    <property name="user.dir" value="/Users/santosh.singh/Downloads/TodayAppIOSAutomation-master"/>
    <property name="java.vm.compressedOopsMode" value="Zero based"/>
    <property name="java.runtime.version" value="11.0.12+8-LTS-237"/>
    <property name="java.awt.graphicsenv" value="sun.awt.CGraphicsEnvironment"/>
    <property name="basedir" value="/Users/santosh.singh/Downloads/TodayAppIOSAutomation-master"/>
    <property name="os.arch" value="x86_64"/>
    <property name="surefire.real.class.path" value="/Users/santosh.singh/Downloads/TodayAppIOSAutomation-master/target/surefire/surefirebooter12276053012734583474.jar"/>
    <property name="java.io.tmpdir" value="/var/folders/75/kg6lc8v95mgdx25xxkqcg1km0000gp/T/"/>
    <property name="line.separator" value="
"/>
    <property name="java.vm.specification.vendor" value="Oracle Corporation"/>
    <property name="os.name" value="Mac OS X"/>
    <property name="sun.jnu.encoding" value="UTF-8"/>
    <property name="java.library.path" value="/Users/santosh.singh/Library/Java/Extensions:/Library/Java/Extensions:/Network/Library/Java/Extensions:/System/Library/Java/Extensions:/usr/lib/java:."/>
    <property name="surefire.test.class.path" value="/Users/santosh.singh/Downloads/TodayAppIOSAutomation-master/target/test-classes:/Users/santosh.singh/Downloads/TodayAppIOSAutomation-master/target/classes:/Users/santosh.singh/.m2/repository/io/cucumber/gherkin/6.0.17/gherkin-6.0.17.jar:/Users/santosh.singh/.m2/repository/io/cucumber/c21e/1.1.9/c21e-1.1.9.jar:/Users/santosh.singh/.m2/repository/io/cucumber/cucumber-core/6.10.4/cucumber-core-6.10.4.jar:/Users/santosh.singh/.m2/repository/io/cucumber/cucumber-gherkin-messages/6.10.4/cucumber-gherkin-messages-6.10.4.jar:/Users/santosh.singh/.m2/repository/io/cucumber/messages/15.0.0/messages-15.0.0.jar:/Users/santosh.singh/.m2/repository/io/cucumber/tag-expressions/3.0.1/tag-expressions-3.0.1.jar:/Users/santosh.singh/.m2/repository/io/cucumber/cucumber-expressions/10.3.0/cucumber-expressions-10.3.0.jar:/Users/santosh.singh/.m2/repository/io/cucumber/datatable/3.5.0/datatable-3.5.0.jar:/Users/santosh.singh/.m2/repository/io/cucumber/docstring/6.10.4/docstring-6.10.4.jar:/Users/santosh.singh/.m2/repository/io/cucumber/html-formatter/13.0.0/html-formatter-13.0.0.jar:/Users/santosh.singh/.m2/repository/io/cucumber/create-meta/4.0.0/create-meta-4.0.0.jar:/Users/santosh.singh/.m2/repository/org/apiguardian/apiguardian-api/1.1.1/apiguardian-api-1.1.1.jar:/Users/santosh.singh/.m2/repository/io/cucumber/cucumber-java8/6.10.4/cucumber-java8-6.10.4.jar:/Users/santosh.singh/.m2/repository/net/jodah/typetools/0.6.3/typetools-0.6.3.jar:/Users/santosh.singh/.m2/repository/io/cucumber/cucumber-gherkin/6.10.4/cucumber-gherkin-6.10.4.jar:/Users/santosh.singh/.m2/repository/io/cucumber/cucumber-picocontainer/6.10.4/cucumber-picocontainer-6.10.4.jar:/Users/santosh.singh/.m2/repository/org/picocontainer/picocontainer/2.15/picocontainer-2.15.jar:/Users/santosh.singh/.m2/repository/io/cucumber/cucumber-plugin/6.10.4/cucumber-plugin-6.10.4.jar:/Users/santosh.singh/.m2/repository/io/cucumber/cucumber-testng/6.8.1/cucumber-testng-6.8.1.jar:/Users/santosh.singh/.m2/repository/com/github/mkolisnyk/cucumber-reports/0.0.3/cucumber-reports-0.0.3.jar:/Users/santosh.singh/.m2/repository/com/cedarsoftware/json-io/2.2.31/json-io-2.2.31.jar:/Users/santosh.singh/.m2/repository/info/cukes/cucumber-picocontainer/1.2.2/cucumber-picocontainer-1.2.2.jar:/Users/santosh.singh/.m2/repository/info/cukes/cucumber-java/1.2.2/cucumber-java-1.2.2.jar:/Users/santosh.singh/.m2/repository/info/cukes/cucumber-jvm-deps/1.0.3/cucumber-jvm-deps-1.0.3.jar:/Users/santosh.singh/.m2/repository/info/cukes/gherkin/2.12.2/gherkin-2.12.2.jar:/Users/santosh.singh/.m2/repository/net/sourceforge/htmlunit/htmlunit/2.16/htmlunit-2.16.jar:/Users/santosh.singh/.m2/repository/xalan/xalan/2.7.1/xalan-2.7.1.jar:/Users/santosh.singh/.m2/repository/xalan/serializer/2.7.1/serializer-2.7.1.jar:/Users/santosh.singh/.m2/repository/net/sourceforge/htmlunit/htmlunit-core-js/2.16/htmlunit-core-js-2.16.jar:/Users/santosh.singh/.m2/repository/xerces/xercesImpl/2.11.0/xercesImpl-2.11.0.jar:/Users/santosh.singh/.m2/repository/xml-apis/xml-apis/1.4.01/xml-apis-1.4.01.jar:/Users/santosh.singh/.m2/repository/net/sourceforge/nekohtml/nekohtml/1.9.22/nekohtml-1.9.22.jar:/Users/santosh.singh/.m2/repository/net/sourceforge/cssparser/cssparser/0.9.15/cssparser-0.9.15.jar:/Users/santosh.singh/.m2/repository/org/w3c/css/sac/1.3/sac-1.3.jar:/Users/santosh.singh/.m2/repository/org/eclipse/jetty/websocket/websocket-client/9.2.10.v20150310/websocket-client-9.2.10.v20150310.jar:/Users/santosh.singh/.m2/repository/org/eclipse/jetty/jetty-util/9.2.10.v20150310/jetty-util-9.2.10.v20150310.jar:/Users/santosh.singh/.m2/repository/org/eclipse/jetty/jetty-io/9.2.10.v20150310/jetty-io-9.2.10.v20150310.jar:/Users/santosh.singh/.m2/repository/org/eclipse/jetty/websocket/websocket-common/9.2.10.v20150310/websocket-common-9.2.10.v20150310.jar:/Users/santosh.singh/.m2/repository/org/eclipse/jetty/websocket/websocket-api/9.2.10.v20150310/websocket-api-9.2.10.v20150310.jar:/Users/santosh.singh/.m2/repository/org/codehaus/plexus/plexus-utils/3.0.1/plexus-utils-3.0.1.jar:/Users/santosh.singh/.m2/repository/org/apache/maven/maven-plugin-api/2.0/maven-plugin-api-2.0.jar:/Users/santosh.singh/.m2/repository/org/apache/maven/reporting/maven-reporting-api/2.0.8/maven-reporting-api-2.0.8.jar:/Users/santosh.singh/.m2/repository/org/apache/maven/doxia/doxia-sink-api/1.0-alpha-9/doxia-sink-api-1.0-alpha-9.jar:/Users/santosh.singh/.m2/repository/org/apache/maven/reporting/maven-reporting-impl/2.0.4.3/maven-reporting-impl-2.0.4.3.jar:/Users/santosh.singh/.m2/repository/org/apache/maven/maven-project/2.0.4/maven-project-2.0.4.jar:/Users/santosh.singh/.m2/repository/org/apache/maven/maven-settings/2.0.4/maven-settings-2.0.4.jar:/Users/santosh.singh/.m2/repository/org/apache/maven/maven-profile/2.0.4/maven-profile-2.0.4.jar:/Users/santosh.singh/.m2/repository/org/apache/maven/maven-model/2.0.4/maven-model-2.0.4.jar:/Users/santosh.singh/.m2/repository/org/apache/maven/maven-artifact-manager/2.0.4/maven-artifact-manager-2.0.4.jar:/Users/santosh.singh/.m2/repository/org/apache/maven/maven-repository-metadata/2.0.4/maven-repository-metadata-2.0.4.jar:/Users/santosh.singh/.m2/repository/org/apache/maven/wagon/wagon-provider-api/1.0-alpha-6/wagon-provider-api-1.0-alpha-6.jar:/Users/santosh.singh/.m2/repository/org/apache/maven/maven-artifact/2.0.4/maven-artifact-2.0.4.jar:/Users/santosh.singh/.m2/repository/org/codehaus/plexus/plexus-container-default/1.0-alpha-9/plexus-container-default-1.0-alpha-9.jar:/Users/santosh.singh/.m2/repository/classworlds/classworlds/1.1-alpha-2/classworlds-1.1-alpha-2.jar:/Users/santosh.singh/.m2/repository/org/apache/maven/doxia/doxia-core/1.0/doxia-core-1.0.jar:/Users/santosh.singh/.m2/repository/org/apache/maven/doxia/doxia-site-renderer/1.0/doxia-site-renderer-1.0.jar:/Users/santosh.singh/.m2/repository/org/codehaus/plexus/plexus-i18n/1.0-beta-7/plexus-i18n-1.0-beta-7.jar:/Users/santosh.singh/.m2/repository/org/codehaus/plexus/plexus-velocity/1.1.7/plexus-velocity-1.1.7.jar:/Users/santosh.singh/.m2/repository/org/apache/maven/doxia/doxia-decoration-model/1.0/doxia-decoration-model-1.0.jar:/Users/santosh.singh/.m2/repository/org/apache/maven/doxia/doxia-module-apt/1.0/doxia-module-apt-1.0.jar:/Users/santosh.singh/.m2/repository/org/apache/maven/doxia/doxia-module-fml/1.0/doxia-module-fml-1.0.jar:/Users/santosh.singh/.m2/repository/org/apache/maven/doxia/doxia-module-xdoc/1.0/doxia-module-xdoc-1.0.jar:/Users/santosh.singh/.m2/repository/org/apache/maven/doxia/doxia-module-xhtml/1.0/doxia-module-xhtml-1.0.jar:/Users/santosh.singh/.m2/repository/org/apache/maven/shared/maven-doxia-tools/1.0.2/maven-doxia-tools-1.0.2.jar:/Users/santosh.singh/.m2/repository/junit/junit/3.8.1/junit-3.8.1.jar:/Users/santosh.singh/.m2/repository/io/cucumber/cucumber-junit/6.10.4/cucumber-junit-6.10.4.jar:/Users/santosh.singh/.m2/repository/io/appium/java-client/4.1.2/java-client-4.1.2.jar:/Users/santosh.singh/.m2/repository/com/google/code/gson/gson/2.7/gson-2.7.jar:/Users/santosh.singh/.m2/repository/org/apache/httpcomponents/httpclient/4.5.2/httpclient-4.5.2.jar:/Users/santosh.singh/.m2/repository/commons-validator/commons-validator/1.5.1/commons-validator-1.5.1.jar:/Users/santosh.singh/.m2/repository/commons-beanutils/commons-beanutils/1.9.2/commons-beanutils-1.9.2.jar:/Users/santosh.singh/.m2/repository/commons-digester/commons-digester/1.8.1/commons-digester-1.8.1.jar:/Users/santosh.singh/.m2/repository/org/apache/commons/commons-lang3/3.4/commons-lang3-3.4.jar:/Users/santosh.singh/.m2/repository/cglib/cglib-nodep/3.2.4/cglib-nodep-3.2.4.jar:/Users/santosh.singh/.m2/repository/org/springframework/spring-context/4.3.2.RELEASE/spring-context-4.3.2.RELEASE.jar:/Users/santosh.singh/.m2/repository/org/springframework/spring-aop/4.3.2.RELEASE/spring-aop-4.3.2.RELEASE.jar:/Users/santosh.singh/.m2/repository/org/springframework/spring-beans/4.3.2.RELEASE/spring-beans-4.3.2.RELEASE.jar:/Users/santosh.singh/.m2/repository/org/springframework/spring-core/4.3.2.RELEASE/spring-core-4.3.2.RELEASE.jar:/Users/santosh.singh/.m2/repository/org/springframework/spring-expression/4.3.2.RELEASE/spring-expression-4.3.2.RELEASE.jar:/Users/santosh.singh/.m2/repository/org/aspectj/aspectjweaver/1.8.9/aspectjweaver-1.8.9.jar:/Users/santosh.singh/.m2/repository/com/aventstack/extentreports/3.0.6/extentreports-3.0.6.jar:/Users/santosh.singh/.m2/repository/org/freemarker/freemarker/2.3.23/freemarker-2.3.23.jar:/Users/santosh.singh/.m2/repository/org/mongodb/mongodb-driver/3.3.0/mongodb-driver-3.3.0.jar:/Users/santosh.singh/.m2/repository/org/mongodb/bson/3.3.0/bson-3.3.0.jar:/Users/santosh.singh/.m2/repository/org/mongodb/mongodb-driver-core/3.3.0/mongodb-driver-core-3.3.0.jar:/Users/santosh.singh/.m2/repository/org/apache/httpcomponents/httpmime/4.5.2/httpmime-4.5.2.jar:/Users/santosh.singh/.m2/repository/org/jsoup/jsoup/1.9.2/jsoup-1.9.2.jar:/Users/santosh.singh/.m2/repository/net/masterthought/cucumber-reporting/4.11.2/cucumber-reporting-4.11.2.jar:/Users/santosh.singh/.m2/repository/com/fasterxml/jackson/core/jackson-databind/2.9.9.3/jackson-databind-2.9.9.3.jar:/Users/santosh.singh/.m2/repository/com/fasterxml/jackson/core/jackson-annotations/2.9.0/jackson-annotations-2.9.0.jar:/Users/santosh.singh/.m2/repository/com/fasterxml/jackson/core/jackson-core/2.9.9/jackson-core-2.9.9.jar:/Users/santosh.singh/.m2/repository/org/apache/velocity/velocity/1.7/velocity-1.7.jar:/Users/santosh.singh/.m2/repository/commons-lang/commons-lang/2.4/commons-lang-2.4.jar:/Users/santosh.singh/.m2/repository/commons-collections/commons-collections/3.2.2/commons-collections-3.2.2.jar:/Users/santosh.singh/.m2/repository/velocity-tools/velocity-tools/1.4/velocity-tools-1.4.jar:/Users/santosh.singh/.m2/repository/joda-time/joda-time/2.10.2/joda-time-2.10.2.jar:/Users/santosh.singh/.m2/repository/commons-io/commons-io/2.6/commons-io-2.6.jar:/Users/santosh.singh/.m2/repository/com/googlecode/owasp-java-html-sanitizer/owasp-java-html-sanitizer/20190610.1/owasp-java-html-sanitizer-20190610.1.jar:/Users/santosh.singh/.m2/repository/commons-configuration/commons-configuration/1.10/commons-configuration-1.10.jar:/Users/santosh.singh/.m2/repository/com/vimalselvam/cucumber-extentsreport/3.0.2/cucumber-extentsreport-3.0.2.jar:/Users/santosh.singh/.m2/repository/org/testng/testng/6.11/testng-6.11.jar:/Users/santosh.singh/.m2/repository/com/beust/jcommander/1.64/jcommander-1.64.jar:/Users/santosh.singh/.m2/repository/org/yaml/snakeyaml/1.17/snakeyaml-1.17.jar:/Users/santosh.singh/.m2/repository/io/cucumber/cucumber-java/6.8.1/cucumber-java-6.8.1.jar:/Users/santosh.singh/.m2/repository/org/seleniumhq/selenium/selenium-java/3.13.0/selenium-java-3.13.0.jar:/Users/santosh.singh/.m2/repository/org/seleniumhq/selenium/selenium-api/3.13.0/selenium-api-3.13.0.jar:/Users/santosh.singh/.m2/repository/org/seleniumhq/selenium/selenium-chrome-driver/3.13.0/selenium-chrome-driver-3.13.0.jar:/Users/santosh.singh/.m2/repository/org/seleniumhq/selenium/selenium-edge-driver/3.13.0/selenium-edge-driver-3.13.0.jar:/Users/santosh.singh/.m2/repository/org/seleniumhq/selenium/selenium-firefox-driver/3.13.0/selenium-firefox-driver-3.13.0.jar:/Users/santosh.singh/.m2/repository/org/seleniumhq/selenium/selenium-ie-driver/3.13.0/selenium-ie-driver-3.13.0.jar:/Users/santosh.singh/.m2/repository/org/seleniumhq/selenium/selenium-opera-driver/3.13.0/selenium-opera-driver-3.13.0.jar:/Users/santosh.singh/.m2/repository/org/seleniumhq/selenium/selenium-remote-driver/3.13.0/selenium-remote-driver-3.13.0.jar:/Users/santosh.singh/.m2/repository/org/seleniumhq/selenium/selenium-safari-driver/3.13.0/selenium-safari-driver-3.13.0.jar:/Users/santosh.singh/.m2/repository/org/seleniumhq/selenium/selenium-support/3.13.0/selenium-support-3.13.0.jar:/Users/santosh.singh/.m2/repository/net/bytebuddy/byte-buddy/1.8.3/byte-buddy-1.8.3.jar:/Users/santosh.singh/.m2/repository/org/apache/commons/commons-exec/1.3/commons-exec-1.3.jar:/Users/santosh.singh/.m2/repository/commons-codec/commons-codec/1.10/commons-codec-1.10.jar:/Users/santosh.singh/.m2/repository/commons-logging/commons-logging/1.2/commons-logging-1.2.jar:/Users/santosh.singh/.m2/repository/org/apache/httpcomponents/httpcore/4.4.9/httpcore-4.4.9.jar:/Users/santosh.singh/.m2/repository/com/squareup/okhttp3/okhttp/3.10.0/okhttp-3.10.0.jar:/Users/santosh.singh/.m2/repository/com/squareup/okio/okio/1.14.1/okio-1.14.1.jar:/Users/santosh.singh/.m2/repository/info/cukes/cucumber-testng/1.2.5/cucumber-testng-1.2.5.jar:/Users/santosh.singh/.m2/repository/info/cukes/cucumber-core/1.2.5/cucumber-core-1.2.5.jar:/Users/santosh.singh/.m2/repository/info/cukes/cucumber-html/0.2.3/cucumber-html-0.2.3.jar:/Users/santosh.singh/.m2/repository/info/cukes/cucumber-junit/1.2.0/cucumber-junit-1.2.0.jar:/Users/santosh.singh/.m2/repository/tech/grasshopper/extentreports-cucumber5-adapter/2.8.1/extentreports-cucumber5-adapter-2.8.1.jar:/Users/santosh.singh/.m2/repository/com/aventstack/klov-reporter/5.0.6/klov-reporter-5.0.6.jar:/Users/santosh.singh/.m2/repository/tech/grasshopper/extent-pdf-report/1.7.1/extent-pdf-report-1.7.1.jar:/Users/santosh.singh/.m2/repository/tech/grasshopper/cucumber-pdf-report/2.2.1/cucumber-pdf-report-2.2.1.jar:/Users/santosh.singh/.m2/repository/org/apache/pdfbox/pdfbox/2.0.22/pdfbox-2.0.22.jar:/Users/santosh.singh/.m2/repository/org/apache/pdfbox/fontbox/2.0.22/fontbox-2.0.22.jar:/Users/santosh.singh/.m2/repository/org/knowm/xchart/xchart/3.8.0/xchart-3.8.0.jar:/Users/santosh.singh/.m2/repository/de/erichseifert/vectorgraphics2d/VectorGraphics2D/0.13/VectorGraphics2D-0.13.jar:/Users/santosh.singh/.m2/repository/de/rototor/pdfbox/graphics2d/0.30/graphics2d-0.30.jar:/Users/santosh.singh/.m2/repository/com/madgag/animated-gif-lib/1.4/animated-gif-lib-1.4.jar:/Users/santosh.singh/.m2/repository/tech/grasshopper/table-layout/1.2.0/table-layout-1.2.0.jar:/Users/santosh.singh/.m2/repository/org/projectlombok/lombok/1.18.18/lombok-1.18.18.jar:/Users/santosh.singh/.m2/repository/com/googlecode/json-simple/json-simple/1.1.1/json-simple-1.1.1.jar:/Users/santosh.singh/.m2/repository/com/aventstack/extentreports-cucumber4-adapter/1.2.1/extentreports-cucumber4-adapter-1.2.1.jar:/Users/santosh.singh/.m2/repository/io/cucumber/cucumber-jvm-deps/1.0.6/cucumber-jvm-deps-1.0.6.jar:/Users/santosh.singh/.m2/repository/com/google/guava/guava/23.6-jre/guava-23.6-jre.jar:/Users/santosh.singh/.m2/repository/com/google/code/findbugs/jsr305/1.3.9/jsr305-1.3.9.jar:/Users/santosh.singh/.m2/repository/org/checkerframework/checker-compat-qual/2.0.0/checker-compat-qual-2.0.0.jar:/Users/santosh.singh/.m2/repository/com/google/errorprone/error_prone_annotations/2.1.3/error_prone_annotations-2.1.3.jar:/Users/santosh.singh/.m2/repository/com/google/j2objc/j2objc-annotations/1.1/j2objc-annotations-1.1.jar:/Users/santosh.singh/.m2/repository/org/codehaus/mojo/animal-sniffer-annotations/1.14/animal-sniffer-annotations-1.14.jar:/Users/santosh.singh/.m2/repository/io/rest-assured/rest-assured/4.4.0/rest-assured-4.4.0.jar:/Users/santosh.singh/.m2/repository/org/codehaus/groovy/groovy/3.0.8/groovy-3.0.8.jar:/Users/santosh.singh/.m2/repository/org/codehaus/groovy/groovy-xml/3.0.8/groovy-xml-3.0.8.jar:/Users/santosh.singh/.m2/repository/org/hamcrest/hamcrest/2.1/hamcrest-2.1.jar:/Users/santosh.singh/.m2/repository/org/ccil/cowan/tagsoup/tagsoup/1.2.1/tagsoup-1.2.1.jar:/Users/santosh.singh/.m2/repository/io/rest-assured/json-path/4.4.0/json-path-4.4.0.jar:/Users/santosh.singh/.m2/repository/org/codehaus/groovy/groovy-json/3.0.8/groovy-json-3.0.8.jar:/Users/santosh.singh/.m2/repository/io/rest-assured/rest-assured-common/4.4.0/rest-assured-common-4.4.0.jar:/Users/santosh.singh/.m2/repository/io/rest-assured/xml-path/4.4.0/xml-path-4.4.0.jar:/Users/santosh.singh/.m2/repository/jakarta/xml/bind/jakarta.xml.bind-api/2.3.3/jakarta.xml.bind-api-2.3.3.jar:/Users/santosh.singh/.m2/repository/jakarta/activation/jakarta.activation-api/1.2.2/jakarta.activation-api-1.2.2.jar:/Users/santosh.singh/.m2/repository/com/sun/xml/bind/jaxb-impl/2.3.3/jaxb-impl-2.3.3.jar:/Users/santosh.singh/.m2/repository/org/apache/maven/surefire/surefire-testng-utils/2.8.1/surefire-testng-utils-2.8.1.jar:"/>
    <property name="jdk.debug" value="release"/>
    <property name="java.class.version" value="55.0"/>
    <property name="java.specification.name" value="Java Platform API Specification"/>
    <property name="sun.management.compiler" value="HotSpot 64-Bit Tiered Compilers"/>
    <property name="os.version" value="11.5"/>
    <property name="http.nonProxyHosts" value="local|*.local|169.254/16|*.169.254/16"/>
    <property name="user.home" value="/Users/santosh.singh"/>
    <property name="user.timezone" value="Asia/Kolkata"/>
    <property name="java.awt.printerjob" value="sun.lwawt.macosx.CPrinterJob"/>
    <property name="file.encoding" value="UTF-8"/>
    <property name="java.specification.version" value="11"/>
    <property name="user.name" value="santosh.singh"/>
    <property name="java.class.path" value="/Users/santosh.singh/Downloads/TodayAppIOSAutomation-master/target/test-classes:/Users/santosh.singh/Downloads/TodayAppIOSAutomation-master/target/classes:/Users/santosh.singh/.m2/repository/io/cucumber/gherkin/6.0.17/gherkin-6.0.17.jar:/Users/santosh.singh/.m2/repository/io/cucumber/c21e/1.1.9/c21e-1.1.9.jar:/Users/santosh.singh/.m2/repository/io/cucumber/cucumber-core/6.10.4/cucumber-core-6.10.4.jar:/Users/santosh.singh/.m2/repository/io/cucumber/cucumber-gherkin-messages/6.10.4/cucumber-gherkin-messages-6.10.4.jar:/Users/santosh.singh/.m2/repository/io/cucumber/messages/15.0.0/messages-15.0.0.jar:/Users/santosh.singh/.m2/repository/io/cucumber/tag-expressions/3.0.1/tag-expressions-3.0.1.jar:/Users/santosh.singh/.m2/repository/io/cucumber/cucumber-expressions/10.3.0/cucumber-expressions-10.3.0.jar:/Users/santosh.singh/.m2/repository/io/cucumber/datatable/3.5.0/datatable-3.5.0.jar:/Users/santosh.singh/.m2/repository/io/cucumber/docstring/6.10.4/docstring-6.10.4.jar:/Users/santosh.singh/.m2/repository/io/cucumber/html-formatter/13.0.0/html-formatter-13.0.0.jar:/Users/santosh.singh/.m2/repository/io/cucumber/create-meta/4.0.0/create-meta-4.0.0.jar:/Users/santosh.singh/.m2/repository/org/apiguardian/apiguardian-api/1.1.1/apiguardian-api-1.1.1.jar:/Users/santosh.singh/.m2/repository/io/cucumber/cucumber-java8/6.10.4/cucumber-java8-6.10.4.jar:/Users/santosh.singh/.m2/repository/net/jodah/typetools/0.6.3/typetools-0.6.3.jar:/Users/santosh.singh/.m2/repository/io/cucumber/cucumber-gherkin/6.10.4/cucumber-gherkin-6.10.4.jar:/Users/santosh.singh/.m2/repository/io/cucumber/cucumber-picocontainer/6.10.4/cucumber-picocontainer-6.10.4.jar:/Users/santosh.singh/.m2/repository/org/picocontainer/picocontainer/2.15/picocontainer-2.15.jar:/Users/santosh.singh/.m2/repository/io/cucumber/cucumber-plugin/6.10.4/cucumber-plugin-6.10.4.jar:/Users/santosh.singh/.m2/repository/io/cucumber/cucumber-testng/6.8.1/cucumber-testng-6.8.1.jar:/Users/santosh.singh/.m2/repository/com/github/mkolisnyk/cucumber-reports/0.0.3/cucumber-reports-0.0.3.jar:/Users/santosh.singh/.m2/repository/com/cedarsoftware/json-io/2.2.31/json-io-2.2.31.jar:/Users/santosh.singh/.m2/repository/info/cukes/cucumber-picocontainer/1.2.2/cucumber-picocontainer-1.2.2.jar:/Users/santosh.singh/.m2/repository/info/cukes/cucumber-java/1.2.2/cucumber-java-1.2.2.jar:/Users/santosh.singh/.m2/repository/info/cukes/cucumber-jvm-deps/1.0.3/cucumber-jvm-deps-1.0.3.jar:/Users/santosh.singh/.m2/repository/info/cukes/gherkin/2.12.2/gherkin-2.12.2.jar:/Users/santosh.singh/.m2/repository/net/sourceforge/htmlunit/htmlunit/2.16/htmlunit-2.16.jar:/Users/santosh.singh/.m2/repository/xalan/xalan/2.7.1/xalan-2.7.1.jar:/Users/santosh.singh/.m2/repository/xalan/serializer/2.7.1/serializer-2.7.1.jar:/Users/santosh.singh/.m2/repository/net/sourceforge/htmlunit/htmlunit-core-js/2.16/htmlunit-core-js-2.16.jar:/Users/santosh.singh/.m2/repository/xerces/xercesImpl/2.11.0/xercesImpl-2.11.0.jar:/Users/santosh.singh/.m2/repository/xml-apis/xml-apis/1.4.01/xml-apis-1.4.01.jar:/Users/santosh.singh/.m2/repository/net/sourceforge/nekohtml/nekohtml/1.9.22/nekohtml-1.9.22.jar:/Users/santosh.singh/.m2/repository/net/sourceforge/cssparser/cssparser/0.9.15/cssparser-0.9.15.jar:/Users/santosh.singh/.m2/repository/org/w3c/css/sac/1.3/sac-1.3.jar:/Users/santosh.singh/.m2/repository/org/eclipse/jetty/websocket/websocket-client/9.2.10.v20150310/websocket-client-9.2.10.v20150310.jar:/Users/santosh.singh/.m2/repository/org/eclipse/jetty/jetty-util/9.2.10.v20150310/jetty-util-9.2.10.v20150310.jar:/Users/santosh.singh/.m2/repository/org/eclipse/jetty/jetty-io/9.2.10.v20150310/jetty-io-9.2.10.v20150310.jar:/Users/santosh.singh/.m2/repository/org/eclipse/jetty/websocket/websocket-common/9.2.10.v20150310/websocket-common-9.2.10.v20150310.jar:/Users/santosh.singh/.m2/repository/org/eclipse/jetty/websocket/websocket-api/9.2.10.v20150310/websocket-api-9.2.10.v20150310.jar:/Users/santosh.singh/.m2/repository/org/codehaus/plexus/plexus-utils/3.0.1/plexus-utils-3.0.1.jar:/Users/santosh.singh/.m2/repository/org/apache/maven/maven-plugin-api/2.0/maven-plugin-api-2.0.jar:/Users/santosh.singh/.m2/repository/org/apache/maven/reporting/maven-reporting-api/2.0.8/maven-reporting-api-2.0.8.jar:/Users/santosh.singh/.m2/repository/org/apache/maven/doxia/doxia-sink-api/1.0-alpha-9/doxia-sink-api-1.0-alpha-9.jar:/Users/santosh.singh/.m2/repository/org/apache/maven/reporting/maven-reporting-impl/2.0.4.3/maven-reporting-impl-2.0.4.3.jar:/Users/santosh.singh/.m2/repository/org/apache/maven/maven-project/2.0.4/maven-project-2.0.4.jar:/Users/santosh.singh/.m2/repository/org/apache/maven/maven-settings/2.0.4/maven-settings-2.0.4.jar:/Users/santosh.singh/.m2/repository/org/apache/maven/maven-profile/2.0.4/maven-profile-2.0.4.jar:/Users/santosh.singh/.m2/repository/org/apache/maven/maven-model/2.0.4/maven-model-2.0.4.jar:/Users/santosh.singh/.m2/repository/org/apache/maven/maven-artifact-manager/2.0.4/maven-artifact-manager-2.0.4.jar:/Users/santosh.singh/.m2/repository/org/apache/maven/maven-repository-metadata/2.0.4/maven-repository-metadata-2.0.4.jar:/Users/santosh.singh/.m2/repository/org/apache/maven/wagon/wagon-provider-api/1.0-alpha-6/wagon-provider-api-1.0-alpha-6.jar:/Users/santosh.singh/.m2/repository/org/apache/maven/maven-artifact/2.0.4/maven-artifact-2.0.4.jar:/Users/santosh.singh/.m2/repository/org/codehaus/plexus/plexus-container-default/1.0-alpha-9/plexus-container-default-1.0-alpha-9.jar:/Users/santosh.singh/.m2/repository/classworlds/classworlds/1.1-alpha-2/classworlds-1.1-alpha-2.jar:/Users/santosh.singh/.m2/repository/org/apache/maven/doxia/doxia-core/1.0/doxia-core-1.0.jar:/Users/santosh.singh/.m2/repository/org/apache/maven/doxia/doxia-site-renderer/1.0/doxia-site-renderer-1.0.jar:/Users/santosh.singh/.m2/repository/org/codehaus/plexus/plexus-i18n/1.0-beta-7/plexus-i18n-1.0-beta-7.jar:/Users/santosh.singh/.m2/repository/org/codehaus/plexus/plexus-velocity/1.1.7/plexus-velocity-1.1.7.jar:/Users/santosh.singh/.m2/repository/org/apache/maven/doxia/doxia-decoration-model/1.0/doxia-decoration-model-1.0.jar:/Users/santosh.singh/.m2/repository/org/apache/maven/doxia/doxia-module-apt/1.0/doxia-module-apt-1.0.jar:/Users/santosh.singh/.m2/repository/org/apache/maven/doxia/doxia-module-fml/1.0/doxia-module-fml-1.0.jar:/Users/santosh.singh/.m2/repository/org/apache/maven/doxia/doxia-module-xdoc/1.0/doxia-module-xdoc-1.0.jar:/Users/santosh.singh/.m2/repository/org/apache/maven/doxia/doxia-module-xhtml/1.0/doxia-module-xhtml-1.0.jar:/Users/santosh.singh/.m2/repository/org/apache/maven/shared/maven-doxia-tools/1.0.2/maven-doxia-tools-1.0.2.jar:/Users/santosh.singh/.m2/repository/junit/junit/3.8.1/junit-3.8.1.jar:/Users/santosh.singh/.m2/repository/io/cucumber/cucumber-junit/6.10.4/cucumber-junit-6.10.4.jar:/Users/santosh.singh/.m2/repository/io/appium/java-client/4.1.2/java-client-4.1.2.jar:/Users/santosh.singh/.m2/repository/com/google/code/gson/gson/2.7/gson-2.7.jar:/Users/santosh.singh/.m2/repository/org/apache/httpcomponents/httpclient/4.5.2/httpclient-4.5.2.jar:/Users/santosh.singh/.m2/repository/commons-validator/commons-validator/1.5.1/commons-validator-1.5.1.jar:/Users/santosh.singh/.m2/repository/commons-beanutils/commons-beanutils/1.9.2/commons-beanutils-1.9.2.jar:/Users/santosh.singh/.m2/repository/commons-digester/commons-digester/1.8.1/commons-digester-1.8.1.jar:/Users/santosh.singh/.m2/repository/org/apache/commons/commons-lang3/3.4/commons-lang3-3.4.jar:/Users/santosh.singh/.m2/repository/cglib/cglib-nodep/3.2.4/cglib-nodep-3.2.4.jar:/Users/santosh.singh/.m2/repository/org/springframework/spring-context/4.3.2.RELEASE/spring-context-4.3.2.RELEASE.jar:/Users/santosh.singh/.m2/repository/org/springframework/spring-aop/4.3.2.RELEASE/spring-aop-4.3.2.RELEASE.jar:/Users/santosh.singh/.m2/repository/org/springframework/spring-beans/4.3.2.RELEASE/spring-beans-4.3.2.RELEASE.jar:/Users/santosh.singh/.m2/repository/org/springframework/spring-core/4.3.2.RELEASE/spring-core-4.3.2.RELEASE.jar:/Users/santosh.singh/.m2/repository/org/springframework/spring-expression/4.3.2.RELEASE/spring-expression-4.3.2.RELEASE.jar:/Users/santosh.singh/.m2/repository/org/aspectj/aspectjweaver/1.8.9/aspectjweaver-1.8.9.jar:/Users/santosh.singh/.m2/repository/com/aventstack/extentreports/3.0.6/extentreports-3.0.6.jar:/Users/santosh.singh/.m2/repository/org/freemarker/freemarker/2.3.23/freemarker-2.3.23.jar:/Users/santosh.singh/.m2/repository/org/mongodb/mongodb-driver/3.3.0/mongodb-driver-3.3.0.jar:/Users/santosh.singh/.m2/repository/org/mongodb/bson/3.3.0/bson-3.3.0.jar:/Users/santosh.singh/.m2/repository/org/mongodb/mongodb-driver-core/3.3.0/mongodb-driver-core-3.3.0.jar:/Users/santosh.singh/.m2/repository/org/apache/httpcomponents/httpmime/4.5.2/httpmime-4.5.2.jar:/Users/santosh.singh/.m2/repository/org/jsoup/jsoup/1.9.2/jsoup-1.9.2.jar:/Users/santosh.singh/.m2/repository/net/masterthought/cucumber-reporting/4.11.2/cucumber-reporting-4.11.2.jar:/Users/santosh.singh/.m2/repository/com/fasterxml/jackson/core/jackson-databind/2.9.9.3/jackson-databind-2.9.9.3.jar:/Users/santosh.singh/.m2/repository/com/fasterxml/jackson/core/jackson-annotations/2.9.0/jackson-annotations-2.9.0.jar:/Users/santosh.singh/.m2/repository/com/fasterxml/jackson/core/jackson-core/2.9.9/jackson-core-2.9.9.jar:/Users/santosh.singh/.m2/repository/org/apache/velocity/velocity/1.7/velocity-1.7.jar:/Users/santosh.singh/.m2/repository/commons-lang/commons-lang/2.4/commons-lang-2.4.jar:/Users/santosh.singh/.m2/repository/commons-collections/commons-collections/3.2.2/commons-collections-3.2.2.jar:/Users/santosh.singh/.m2/repository/velocity-tools/velocity-tools/1.4/velocity-tools-1.4.jar:/Users/santosh.singh/.m2/repository/joda-time/joda-time/2.10.2/joda-time-2.10.2.jar:/Users/santosh.singh/.m2/repository/commons-io/commons-io/2.6/commons-io-2.6.jar:/Users/santosh.singh/.m2/repository/com/googlecode/owasp-java-html-sanitizer/owasp-java-html-sanitizer/20190610.1/owasp-java-html-sanitizer-20190610.1.jar:/Users/santosh.singh/.m2/repository/commons-configuration/commons-configuration/1.10/commons-configuration-1.10.jar:/Users/santosh.singh/.m2/repository/com/vimalselvam/cucumber-extentsreport/3.0.2/cucumber-extentsreport-3.0.2.jar:/Users/santosh.singh/.m2/repository/org/testng/testng/6.11/testng-6.11.jar:/Users/santosh.singh/.m2/repository/com/beust/jcommander/1.64/jcommander-1.64.jar:/Users/santosh.singh/.m2/repository/org/yaml/snakeyaml/1.17/snakeyaml-1.17.jar:/Users/santosh.singh/.m2/repository/io/cucumber/cucumber-java/6.8.1/cucumber-java-6.8.1.jar:/Users/santosh.singh/.m2/repository/org/seleniumhq/selenium/selenium-java/3.13.0/selenium-java-3.13.0.jar:/Users/santosh.singh/.m2/repository/org/seleniumhq/selenium/selenium-api/3.13.0/selenium-api-3.13.0.jar:/Users/santosh.singh/.m2/repository/org/seleniumhq/selenium/selenium-chrome-driver/3.13.0/selenium-chrome-driver-3.13.0.jar:/Users/santosh.singh/.m2/repository/org/seleniumhq/selenium/selenium-edge-driver/3.13.0/selenium-edge-driver-3.13.0.jar:/Users/santosh.singh/.m2/repository/org/seleniumhq/selenium/selenium-firefox-driver/3.13.0/selenium-firefox-driver-3.13.0.jar:/Users/santosh.singh/.m2/repository/org/seleniumhq/selenium/selenium-ie-driver/3.13.0/selenium-ie-driver-3.13.0.jar:/Users/santosh.singh/.m2/repository/org/seleniumhq/selenium/selenium-opera-driver/3.13.0/selenium-opera-driver-3.13.0.jar:/Users/santosh.singh/.m2/repository/org/seleniumhq/selenium/selenium-remote-driver/3.13.0/selenium-remote-driver-3.13.0.jar:/Users/santosh.singh/.m2/repository/org/seleniumhq/selenium/selenium-safari-driver/3.13.0/selenium-safari-driver-3.13.0.jar:/Users/santosh.singh/.m2/repository/org/seleniumhq/selenium/selenium-support/3.13.0/selenium-support-3.13.0.jar:/Users/santosh.singh/.m2/repository/net/bytebuddy/byte-buddy/1.8.3/byte-buddy-1.8.3.jar:/Users/santosh.singh/.m2/repository/org/apache/commons/commons-exec/1.3/commons-exec-1.3.jar:/Users/santosh.singh/.m2/repository/commons-codec/commons-codec/1.10/commons-codec-1.10.jar:/Users/santosh.singh/.m2/repository/commons-logging/commons-logging/1.2/commons-logging-1.2.jar:/Users/santosh.singh/.m2/repository/org/apache/httpcomponents/httpcore/4.4.9/httpcore-4.4.9.jar:/Users/santosh.singh/.m2/repository/com/squareup/okhttp3/okhttp/3.10.0/okhttp-3.10.0.jar:/Users/santosh.singh/.m2/repository/com/squareup/okio/okio/1.14.1/okio-1.14.1.jar:/Users/santosh.singh/.m2/repository/info/cukes/cucumber-testng/1.2.5/cucumber-testng-1.2.5.jar:/Users/santosh.singh/.m2/repository/info/cukes/cucumber-core/1.2.5/cucumber-core-1.2.5.jar:/Users/santosh.singh/.m2/repository/info/cukes/cucumber-html/0.2.3/cucumber-html-0.2.3.jar:/Users/santosh.singh/.m2/repository/info/cukes/cucumber-junit/1.2.0/cucumber-junit-1.2.0.jar:/Users/santosh.singh/.m2/repository/tech/grasshopper/extentreports-cucumber5-adapter/2.8.1/extentreports-cucumber5-adapter-2.8.1.jar:/Users/santosh.singh/.m2/repository/com/aventstack/klov-reporter/5.0.6/klov-reporter-5.0.6.jar:/Users/santosh.singh/.m2/repository/tech/grasshopper/extent-pdf-report/1.7.1/extent-pdf-report-1.7.1.jar:/Users/santosh.singh/.m2/repository/tech/grasshopper/cucumber-pdf-report/2.2.1/cucumber-pdf-report-2.2.1.jar:/Users/santosh.singh/.m2/repository/org/apache/pdfbox/pdfbox/2.0.22/pdfbox-2.0.22.jar:/Users/santosh.singh/.m2/repository/org/apache/pdfbox/fontbox/2.0.22/fontbox-2.0.22.jar:/Users/santosh.singh/.m2/repository/org/knowm/xchart/xchart/3.8.0/xchart-3.8.0.jar:/Users/santosh.singh/.m2/repository/de/erichseifert/vectorgraphics2d/VectorGraphics2D/0.13/VectorGraphics2D-0.13.jar:/Users/santosh.singh/.m2/repository/de/rototor/pdfbox/graphics2d/0.30/graphics2d-0.30.jar:/Users/santosh.singh/.m2/repository/com/madgag/animated-gif-lib/1.4/animated-gif-lib-1.4.jar:/Users/santosh.singh/.m2/repository/tech/grasshopper/table-layout/1.2.0/table-layout-1.2.0.jar:/Users/santosh.singh/.m2/repository/org/projectlombok/lombok/1.18.18/lombok-1.18.18.jar:/Users/santosh.singh/.m2/repository/com/googlecode/json-simple/json-simple/1.1.1/json-simple-1.1.1.jar:/Users/santosh.singh/.m2/repository/com/aventstack/extentreports-cucumber4-adapter/1.2.1/extentreports-cucumber4-adapter-1.2.1.jar:/Users/santosh.singh/.m2/repository/io/cucumber/cucumber-jvm-deps/1.0.6/cucumber-jvm-deps-1.0.6.jar:/Users/santosh.singh/.m2/repository/com/google/guava/guava/23.6-jre/guava-23.6-jre.jar:/Users/santosh.singh/.m2/repository/com/google/code/findbugs/jsr305/1.3.9/jsr305-1.3.9.jar:/Users/santosh.singh/.m2/repository/org/checkerframework/checker-compat-qual/2.0.0/checker-compat-qual-2.0.0.jar:/Users/santosh.singh/.m2/repository/com/google/errorprone/error_prone_annotations/2.1.3/error_prone_annotations-2.1.3.jar:/Users/santosh.singh/.m2/repository/com/google/j2objc/j2objc-annotations/1.1/j2objc-annotations-1.1.jar:/Users/santosh.singh/.m2/repository/org/codehaus/mojo/animal-sniffer-annotations/1.14/animal-sniffer-annotations-1.14.jar:/Users/santosh.singh/.m2/repository/io/rest-assured/rest-assured/4.4.0/rest-assured-4.4.0.jar:/Users/santosh.singh/.m2/repository/org/codehaus/groovy/groovy/3.0.8/groovy-3.0.8.jar:/Users/santosh.singh/.m2/repository/org/codehaus/groovy/groovy-xml/3.0.8/groovy-xml-3.0.8.jar:/Users/santosh.singh/.m2/repository/org/hamcrest/hamcrest/2.1/hamcrest-2.1.jar:/Users/santosh.singh/.m2/repository/org/ccil/cowan/tagsoup/tagsoup/1.2.1/tagsoup-1.2.1.jar:/Users/santosh.singh/.m2/repository/io/rest-assured/json-path/4.4.0/json-path-4.4.0.jar:/Users/santosh.singh/.m2/repository/org/codehaus/groovy/groovy-json/3.0.8/groovy-json-3.0.8.jar:/Users/santosh.singh/.m2/repository/io/rest-assured/rest-assured-common/4.4.0/rest-assured-common-4.4.0.jar:/Users/santosh.singh/.m2/repository/io/rest-assured/xml-path/4.4.0/xml-path-4.4.0.jar:/Users/santosh.singh/.m2/repository/jakarta/xml/bind/jakarta.xml.bind-api/2.3.3/jakarta.xml.bind-api-2.3.3.jar:/Users/santosh.singh/.m2/repository/jakarta/activation/jakarta.activation-api/1.2.2/jakarta.activation-api-1.2.2.jar:/Users/santosh.singh/.m2/repository/com/sun/xml/bind/jaxb-impl/2.3.3/jaxb-impl-2.3.3.jar:/Users/santosh.singh/.m2/repository/org/apache/maven/surefire/surefire-testng-utils/2.8.1/surefire-testng-utils-2.8.1.jar:"/>
    <property name="java.vm.specification.version" value="11"/>
    <property name="sun.arch.data.model" value="64"/>
    <property name="sun.java.command" value="/Users/santosh.singh/Downloads/TodayAppIOSAutomation-master/target/surefire/surefirebooter12276053012734583474.jar /Users/santosh.singh/Downloads/TodayAppIOSAutomation-master/target/surefire/surefire14021428212533034090tmp /Users/santosh.singh/Downloads/TodayAppIOSAutomation-master/target/surefire/surefire9953630390312879618tmp"/>
    <property name="java.home" value="/Library/Java/JavaVirtualMachines/jdk-11.0.12.jdk/Contents/Home"/>
    <property name="user.language" value="en"/>
    <property name="java.specification.vendor" value="Oracle Corporation"/>
    <property name="awt.toolkit" value="sun.lwawt.macosx.LWCToolkit"/>
    <property name="java.vm.info" value="mixed mode"/>
    <property name="java.version" value="11.0.12"/>
    <property name="java.vendor" value="Oracle Corporation"/>
    <property name="localRepository" value="/Users/santosh.singh/.m2/repository"/>
    <property name="file.separator" value="/"/>
    <property name="java.version.date" value="2021-07-20"/>
    <property name="java.vendor.url.bug" value="https://bugreport.java.com/bugreport/"/>
    <property name="device" value="Samsung"/>
    <property name="sun.io.unicode.encoding" value="UnicodeBig"/>
    <property name="sun.cpu.endian" value="little"/>
    <property name="java.vendor.version" value="18.9"/>
    <property name="socksNonProxyHosts" value="local|*.local|169.254/16|*.169.254/16"/>
    <property name="ftp.nonProxyHosts" value="local|*.local|169.254/16|*.169.254/16"/>
    <property name="sun.cpu.isalist" value=""/>
  </properties>
  <testcase classname="com.todayapp.runners.SmokeRunner" name="feature" time="22.894"/>
  <testcase classname="com.todayapp.runners.SmokeRunner" name="feature" time="55.354"/>
</testsuite>