<?xml version="1.0" encoding="UTF-8"?>
<!-- Generated by org.testng.reporters.JUnitReportReporter -->
<testsuite skipped="0" hostname="DNY15175" name="com.construtcapp.runners.SmokeRunner" tests="1" failures="0" timestamp="04 May 2021 09:10:24 GMT" time="0.005" errors="0">
  <testcase name="firstest" time="0.005" classname="com.construtcapp.runners.SmokeRunner"/>
</testsuite> <!-- com.construtcapp.runners.SmokeRunner -->
