<?xml version="1.0" encoding="UTF-8"?>
<!-- Generated by org.testng.reporters.JUnitReportReporter -->
<testsuite skipped="0" hostname="DNY15175" name="com.constructapp.utilities.DriverUtilities" tests="2" failures="0" timestamp="04 May 2021 10:35:42 GMT" time="45.414" errors="0">
  <testcase name="launchApp" time="45.413" classname="com.constructapp.utilities.DriverUtilities"/>
  <testcase name="readProperty1" time="0.001" classname="com.constructapp.utilities.DriverUtilities"/>
</testsuite> <!-- com.constructapp.utilities.DriverUtilities -->
