<?xml version="1.0" encoding="UTF-8"?>
<!-- Generated by org.testng.reporters.JUnitReportReporter -->
<testsuite hostname="C02F614VML7H" failures="0" tests="2" name="com.todayapp.runners.SmokeRunner" time="78.248" errors="0" timestamp="29 Dec 2021 10:13:19 GMT" skipped="0">
  <testcase classname="com.todayapp.runners.SmokeRunner" name="feature" time="55.354"/>
  <testcase classname="com.todayapp.runners.SmokeRunner" name="feature" time="22.894"/>
</testsuite> <!-- com.todayapp.runners.SmokeRunner -->
