<?xml version="1.0" encoding="UTF-8"?>
<!-- Generated by org.testng.reporters.JUnitReportReporter -->
<testsuite hostname="C02F614VML7H" failures="0" tests="4" name="com.todayapp.runners.SmokeRunner" time="212.838" errors="0" timestamp="30 Dec 2021 11:22:28 GMT" skipped="0">
  <testcase classname="com.todayapp.runners.SmokeRunner" name="feature" time="40.168"/>
  <testcase classname="com.todayapp.runners.SmokeRunner" name="feature" time="39.631"/>
  <testcase classname="com.todayapp.runners.SmokeRunner" name="feature" time="86.132"/>
  <testcase classname="com.todayapp.runners.SmokeRunner" name="feature" time="46.907"/>
</testsuite> <!-- com.todayapp.runners.SmokeRunner -->
